
ROM used:   92/8192 (1%)
            92/8192 (1%) including unused fragments

            0.1 Average locations per line
            5.1 Average locations per statement

RAM used:   8/368 (2%) at main() level
            8/368 (2%) worst case

Stack used: 1 worst case (1 in main + 0 for interrupts)
Stack size: 8

Lines Stmts  %   Files
----- ----- ---  -----
   44    18 100  codigo.c
  578     0   0  ..\..\..\..\..\Program Files (x86)\PICC\Devices\16f876.h
----- -----
  622    18 Total

Page ROM  %  RAM   Vol Diff  Functions:
---- --- --- ---   --- ----  ----------
0     21  23    1             @delay_ms1
0     14  15    0             @const592
0     53  58    3   535  4.8  main
 Inline         0             @cinit1

Program metrics:
    Functions               1
    Statements              18
    Comments                103
    Volume (V)              542
    Difficulty (D)          4.5
    Effort to implement (E) 2424
    Time to implement (T)   2 minutes
    Est Delivered Bugs (B)  0
    Cyclomatic Complexity   2
    Maintainability (MI)    90

 Segment     Used  Free
-----------  ----  ----
00000-00003     4  0  
00004-007FF    88  1956  
00800-00FFF     0  2048  
01000-017FF     0  2048  
01800-01FFF     0  2048  



