
ROM used:   237/8192 (3%)
            237/8192 (3%) including unused fragments

            0.3 Average locations per line
            4.2 Average locations per statement

RAM used:   13/368 (4%) at main() level
            17/368 (5%) worst case

Stack used: 2 worst case (2 in main + 0 for interrupts)
Stack size: 8

Lines Stmts  %   Files
----- ----- ---  -----
   29    17  30  source.c
  578     0   0  ..\..\..\..\..\Program Files (x86)\PICC\Devices\16F876.h
  135    40  70  ..\..\..\..\..\Program Files (x86)\PICC\Drivers\kbd.c
----- -----
  742    57 Total

Page ROM  %  RAM   Vol Diff  Functions:
---- --- --- ---   --- ----  ----------
0     16   7    0             @const593
0      3   1    0     3  0.0  kbd_init
0    103  43    3  4540 10.2  kbd_getc
0     37  16    2             @MUL88
0     74  31    4   646  6.9  MAIN
 Inline         0             @cinit1

Program metrics:
    Functions               3
    Statements              57
    Comments                129
    Volume (V)              5661
    Difficulty (D)          17.9
    Effort to implement (E) 101525
    Time to implement (T)   1 hours, 34 minutes
    Est Delivered Bugs (B)  1
    Cyclomatic Complexity   16
    Maintainability (MI)    49

 Segment     Used  Free
-----------  ----  ----
00000-00003     4  0  
00004-007FF   233  1811  
00800-00FFF     0  2048  
01000-017FF     0  2048  
01800-01FFF     0  2048  



