
ROM used:   771/8192 (9%)
            771/8192 (9%) including unused fragments

            0.6 Average locations per line
            5.3 Average locations per statement

RAM used:   12/368 (3%) at main() level
            26/368 (7%) worst case

Stack used: 5 worst case (5 in main + 0 for interrupts)
Stack size: 8

Lines Stmts  %   Files
----- ----- ---  -----
   47    22  15  source.c
  578     0   0  ..\..\..\..\..\Program Files (x86)\PICC\Devices\16F876.h
  135    40  27  ..\..\..\..\..\Program Files (x86)\PICC\Drivers\KBD.c
  456    84  58  ..\..\..\..\..\Program Files (x86)\PICC\Drivers\LCD.c
----- -----
 1216   146 Total

Page ROM  %  RAM   Vol Diff  Functions:
---- --- --- ---   --- ----  ----------
0     21   3    1             @delay_ms1
0     16   2    0     3  0.0  @const593
0      3   0    0     3  0.0  kbd_init
0    138  18    3  4544 10.1  kbd_getc
 Inline         2   596  5.9  @MUL88
0      8   1    0    59  4.2  @const618
 Inline         3   596  5.9  lcd_read_byte
0      6   1    0    59  4.2  lcd_read_nibble
0     12   2    1   179  3.3  lcd_send_nibble
0     64   8    3   460  4.7  lcd_send_byte
0     51   7    2   667  5.9  lcd_init
0     18   2    4   208  6.3  lcd_gotoxy
0     44   6    1   354  4.7  lcd_putc
0    126  16    3   603  5.2  MAIN
0      6   1    0             @const653
0     75  10    4             @PSTRINGC7_636
0      5   1    0             @const655
0     84  11    5             @PSTRINGCN7_636
0      5   1    0             @const658
0     21   3    3             @DIV88
0     53   7    2             @PRINTF_U_636
0      5   1    0             @const665
0      6   1    0             @const666
 Inline         0             @cinit1

Program metrics:
    Functions               13
    Statements              146
    Comments                228
    Volume (V)              11829
    Difficulty (D)          58.5
    Effort to implement (E) 692284
    Time to implement (T)   10 hours, 41 minutes
    Est Delivered Bugs (B)  3
    Cyclomatic Complexity   22
    Maintainability (MI)    106

 Segment     Used  Free
-----------  ----  ----
00000-00003     4  0  
00004-007FF   767  1277  
00800-00FFF     0  2048  
01000-017FF     0  2048  
01800-01FFF     0  2048  



