
ROM used:   78/8192 (1%)
            78/8192 (1%) including unused fragments

            0.1 Average locations per line
            8.7 Average locations per statement

RAM used:   13/368 (4%) at main() level
            13/368 (4%) worst case

Stack used: 1 worst case (0 in main + 1 for interrupts)
Stack size: 8

Lines Stmts  %   Files
----- ----- ---  -----
   24     9 100  codigo.c
  578     0   0  ..\..\..\..\..\Program Files (x86)\PICC\Devices\16F876.h
----- -----
  602     9 Total

Page ROM  %  RAM   Vol Diff  Functions:
---- --- --- ---   --- ----  ----------
0      6   8    0    17  0.8  ext_isr
0     25  32    0   127  1.7  MAIN
 Inline         0  4540 10.2  @cinit1

Program metrics:
    Functions               3
    Statements              9
    Comments                103
    Volume (V)              4916
    Difficulty (D)          13.5
    Effort to implement (E) 66372
    Time to implement (T)   1 hours, 1 minutes
    Est Delivered Bugs (B)  1
    Cyclomatic Complexity   12
    Maintainability (MI)    131

 Segment     Used  Free
-----------  ----  ----
00000-00003     4  0  
00004-0002E    43  0  
0002F-007FF    31  1970  
00800-00FFF     0  2048  
01000-017FF     0  2048  
01800-01FFF     0  2048  



