
ROM used:   440/8192 (5%)
            440/8192 (5%) including unused fragments

            0.4 Average locations per line
            3.8 Average locations per statement

RAM used:   8/368 (2%) at main() level
            22/368 (6%) worst case

Stack used: 6 worst case (6 in main + 0 for interrupts)
Stack size: 8

Lines Stmts  %   Files
----- ----- ---  -----
   73    31  27  codigo.c
  578     0   0  ..\..\..\..\..\Program Files (x86)\PICC\Devices\16F876.h
  456    84  73  ..\..\..\..\..\Program Files (x86)\PICC\Drivers\lcd.c
----- -----
 1107   115 Total

Page ROM  %  RAM   Vol Diff  Functions:
---- --- --- ---   --- ----  ----------
0     21   5    1             @delay_ms1
0      8   2    0             @const602
 Inline         3   596  5.9  lcd_read_byte
0      6   1    0    59  4.2  lcd_read_nibble
0     12   3    1   179  3.3  lcd_send_nibble
0     64  15    3   460  4.7  lcd_send_byte
0     51  12    2   667  5.9  lcd_init
0     18   4    4   208  6.3  lcd_gotoxy
0     44  10    1   354  4.7  lcd_putc
0     37   8    1   179  2.9  mostra_lcd
0      3   1    0             @const639
0     75  17    4             @PSTRINGC7_620
0      3   1    0             @const641
0      3   1    0             @const642
0     37   8    1   154  3.0  vai_led
0     54  12    2   300  3.7  MAIN
 Inline         0             @cinit1

Program metrics:
    Functions               10
    Statements              115
    Comments                199
    Volume (V)              5056
    Difficulty (D)          43.3
    Effort to implement (E) 218727
    Time to implement (T)   3 hours, 23 minutes
    Est Delivered Bugs (B)  1
    Cyclomatic Complexity   17
    Maintainability (MI)    128

 Segment     Used  Free
-----------  ----  ----
00000-00003     4  0  
00004-007FF   436  1608  
00800-00FFF     0  2048  
01000-017FF     0  2048  
01800-01FFF     0  2048  



